<?xml version="1.0" encoding="UTF-8"?>
<!-- Generated by org.testng.reporters.JUnitReportReporter -->
<testsuite hostname="DESKTOP-DA62AFG" name="com.jenkins.JenkinsDemoMaven" tests="1" failures="0" timestamp="28 Apr 2017 03:04:15 GMT" time="0.142" errors="0">
  <testcase name="verifyTitle" time="0.142" classname="com.jenkins.JenkinsDemoMaven"/>
</testsuite> <!-- com.jenkins.JenkinsDemoMaven -->
